  [1m[35m (552.4ms)[0m  [1m[35mCREATE DATABASE "song_app_api_development" ENCODING = 'unicode'[0m
  [1m[35m (169.5ms)[0m  [1m[35mCREATE DATABASE "song_app_api_test" ENCODING = 'unicode'[0m
  [1m[35m (129.0ms)[0m  [1m[35mCREATE TABLE "schema_migrations" ("version" character varying NOT NULL PRIMARY KEY)[0m
  [1m[35m (11.0ms)[0m  [1m[35mCREATE TABLE "ar_internal_metadata" ("key" character varying NOT NULL PRIMARY KEY, "value" character varying, "created_at" timestamp(6) NOT NULL, "updated_at" timestamp(6) NOT NULL)[0m
  [1m[35m (1.6ms)[0m  [1m[34mSELECT pg_try_advisory_lock(1582447486568572995)[0m
  [1m[35m (0.7ms)[0m  [1m[34mSELECT "schema_migrations"."version" FROM "schema_migrations" ORDER BY "schema_migrations"."version" ASC[0m
Migrating to CreateSongs (20200806230200)
  [1m[35m (9.5ms)[0m  [1m[35mBEGIN[0m
  [1m[35m (82.3ms)[0m  [1m[35mCREATE TABLE "songs" ("id" bigserial primary key, "title" character varying, "time" character varying, "artist" character varying, "created_at" timestamp(6) NOT NULL, "updated_at" timestamp(6) NOT NULL)[0m
  [1m[36mprimary::SchemaMigration Create (5.5ms)[0m  [1m[32mINSERT INTO "schema_migrations" ("version") VALUES ($1) RETURNING "version"[0m  [["version", "20200806230200"]]
  [1m[35m (0.7ms)[0m  [1m[35mCOMMIT[0m
  [1m[36mActiveRecord::InternalMetadata Load (0.9ms)[0m  [1m[34mSELECT "ar_internal_metadata".* FROM "ar_internal_metadata" WHERE "ar_internal_metadata"."key" = $1 LIMIT $2[0m  [["key", "environment"], ["LIMIT", 1]]
  [1m[35m (0.5ms)[0m  [1m[35mBEGIN[0m
  [1m[36mActiveRecord::InternalMetadata Create (8.0ms)[0m  [1m[32mINSERT INTO "ar_internal_metadata" ("key", "value", "created_at", "updated_at") VALUES ($1, $2, $3, $4) RETURNING "key"[0m  [["key", "environment"], ["value", "development"], ["created_at", "2020-08-06 23:09:59.364047"], ["updated_at", "2020-08-06 23:09:59.364047"]]
  [1m[35m (0.3ms)[0m  [1m[35mCOMMIT[0m
  [1m[35m (0.7ms)[0m  [1m[34mSELECT pg_advisory_unlock(1582447486568572995)[0m
  [1m[35m (2.5ms)[0m  [1m[34mSELECT "schema_migrations"."version" FROM "schema_migrations" ORDER BY "schema_migrations"."version" ASC[0m
  [1m[36mSong Load (2.3ms)[0m  [1m[34mSELECT "songs".* FROM "songs" LIMIT $1[0m  [["LIMIT", 11]]
  [1m[35m (5.4ms)[0m  [1m[34mSELECT "schema_migrations"."version" FROM "schema_migrations" ORDER BY "schema_migrations"."version" ASC[0m
  [1m[35m (3.6ms)[0m  [1m[35mBEGIN[0m
  [1m[36mSong Create (44.9ms)[0m  [1m[32mINSERT INTO "songs" ("title", "time", "artist", "created_at", "updated_at") VALUES ($1, $2, $3, $4, $5) RETURNING "id"[0m  [["title", "Like Sugar"], ["time", "4:01"], ["artist", "Chaka Khan"], ["created_at", "2020-08-06 23:21:12.482704"], ["updated_at", "2020-08-06 23:21:12.482704"]]
  [1m[35m (0.5ms)[0m  [1m[35mCOMMIT[0m
  [1m[35m (0.1ms)[0m  [1m[35mBEGIN[0m
  [1m[36mSong Create (0.5ms)[0m  [1m[32mINSERT INTO "songs" ("title", "time", "artist", "created_at", "updated_at") VALUES ($1, $2, $3, $4, $5) RETURNING "id"[0m  [["title", "Lollipop (Ode to Jim)"], ["time", "4:39"], ["artist", "Alvvays"], ["created_at", "2020-08-06 23:21:12.535909"], ["updated_at", "2020-08-06 23:21:12.535909"]]
  [1m[35m (0.4ms)[0m  [1m[35mCOMMIT[0m
  [1m[35m (0.1ms)[0m  [1m[35mBEGIN[0m
  [1m[36mSong Create (0.4ms)[0m  [1m[32mINSERT INTO "songs" ("title", "time", "artist", "created_at", "updated_at") VALUES ($1, $2, $3, $4, $5) RETURNING "id"[0m  [["title", "Flowers in December"], ["time", "4:23"], ["artist", "Mazzy Star"], ["created_at", "2020-08-06 23:21:12.540562"], ["updated_at", "2020-08-06 23:21:12.540562"]]
  [1m[35m (0.4ms)[0m  [1m[35mCOMMIT[0m
  [1m[36mSong Load (1.5ms)[0m  [1m[34mSELECT "songs".* FROM "songs" LIMIT $1[0m  [["LIMIT", 11]]
Started GET "/" for ::1 at 2020-08-06 16:21:39 -0700
  [1m[35m (1.0ms)[0m  [1m[34mSELECT "schema_migrations"."version" FROM "schema_migrations" ORDER BY "schema_migrations"."version" ASC[0m
Processing by Rails::WelcomeController#index as HTML
  Rendering /Users/jordanlarson/.rbenv/versions/2.7.1/lib/ruby/gems/2.7.0/gems/railties-6.0.3.2/lib/rails/templates/rails/welcome/index.html.erb
  Rendered /Users/jordanlarson/.rbenv/versions/2.7.1/lib/ruby/gems/2.7.0/gems/railties-6.0.3.2/lib/rails/templates/rails/welcome/index.html.erb (Duration: 22.6ms | Allocations: 409)
Completed 200 OK in 41ms (Views: 33.4ms | ActiveRecord: 0.0ms | Allocations: 2255)


Started GET "/songs/" for ::1 at 2020-08-06 16:21:43 -0700
Processing by SongsController#index as HTML
  [1m[36mSong Load (2.1ms)[0m  [1m[34mSELECT "songs".* FROM "songs"[0m
  ↳ app/controllers/songs_controller.rb:8:in `index'
Completed 200 OK in 73ms (Views: 44.2ms | ActiveRecord: 25.8ms | Allocations: 5182)


Started GET "/songs/" for ::1 at 2020-08-06 16:28:52 -0700
  [1m[35m (6.3ms)[0m  [1m[34mSELECT "schema_migrations"."version" FROM "schema_migrations" ORDER BY "schema_migrations"."version" ASC[0m
Processing by SongsController#index as HTML
  [1m[36mSong Load (5.6ms)[0m  [1m[34mSELECT "songs".* FROM "songs"[0m
  ↳ app/controllers/songs_controller.rb:8:in `index'
Completed 200 OK in 91ms (Views: 0.3ms | ActiveRecord: 22.2ms | Allocations: 5032)


Started GET "/songs" for ::1 at 2020-08-06 16:35:29 -0700
Processing by SongsController#index as HTML
  [1m[36mSong Load (10.2ms)[0m  [1m[34mSELECT "songs".* FROM "songs"[0m
  ↳ app/controllers/songs_controller.rb:8:in `index'
Completed 200 OK in 229ms (Views: 0.3ms | ActiveRecord: 10.2ms | Allocations: 1133)


Started OPTIONS "/songs" for ::1 at 2020-08-06 16:35:44 -0700
  
ActionController::RoutingError (No route matches [OPTIONS] "/songs"):
  
actionpack (6.0.3.2) lib/action_dispatch/middleware/debug_exceptions.rb:36:in `call'
actionpack (6.0.3.2) lib/action_dispatch/middleware/show_exceptions.rb:33:in `call'
railties (6.0.3.2) lib/rails/rack/logger.rb:37:in `call_app'
railties (6.0.3.2) lib/rails/rack/logger.rb:26:in `block in call'
activesupport (6.0.3.2) lib/active_support/tagged_logging.rb:80:in `block in tagged'
activesupport (6.0.3.2) lib/active_support/tagged_logging.rb:28:in `tagged'
activesupport (6.0.3.2) lib/active_support/tagged_logging.rb:80:in `tagged'
railties (6.0.3.2) lib/rails/rack/logger.rb:26:in `call'
actionpack (6.0.3.2) lib/action_dispatch/middleware/remote_ip.rb:81:in `call'
actionpack (6.0.3.2) lib/action_dispatch/middleware/request_id.rb:27:in `call'
rack (2.2.3) lib/rack/runtime.rb:22:in `call'
activesupport (6.0.3.2) lib/active_support/cache/strategy/local_cache_middleware.rb:29:in `call'
actionpack (6.0.3.2) lib/action_dispatch/middleware/executor.rb:14:in `call'
actionpack (6.0.3.2) lib/action_dispatch/middleware/static.rb:126:in `call'
rack (2.2.3) lib/rack/sendfile.rb:110:in `call'
actionpack (6.0.3.2) lib/action_dispatch/middleware/host_authorization.rb:82:in `call'
railties (6.0.3.2) lib/rails/engine.rb:527:in `call'
puma (4.3.5) lib/puma/configuration.rb:228:in `call'
puma (4.3.5) lib/puma/server.rb:713:in `handle_request'
puma (4.3.5) lib/puma/server.rb:472:in `process_client'
puma (4.3.5) lib/puma/server.rb:328:in `block in run'
puma (4.3.5) lib/puma/thread_pool.rb:134:in `block in spawn_thread'
Started GET "/songs/1" for ::1 at 2020-08-06 16:36:12 -0700
Processing by SongsController#show as HTML
  Parameters: {"id"=>"1"}
  [1m[36mSong Load (7.8ms)[0m  [1m[34mSELECT "songs".* FROM "songs" WHERE "songs"."id" = $1 LIMIT $2[0m  [["id", 1], ["LIMIT", 1]]
  ↳ app/controllers/songs_controller.rb:44:in `set_song'
Completed 200 OK in 301ms (Views: 0.5ms | ActiveRecord: 8.2ms | Allocations: 2262)


Started GET "/songs/2" for ::1 at 2020-08-06 16:36:17 -0700
Processing by SongsController#show as HTML
  Parameters: {"id"=>"2"}
  [1m[36mSong Load (0.5ms)[0m  [1m[34mSELECT "songs".* FROM "songs" WHERE "songs"."id" = $1 LIMIT $2[0m  [["id", 2], ["LIMIT", 1]]
  ↳ app/controllers/songs_controller.rb:44:in `set_song'
Completed 200 OK in 8ms (Views: 0.1ms | ActiveRecord: 0.5ms | Allocations: 744)


Started GET "/songs" for ::1 at 2020-08-06 16:36:59 -0700
Processing by SongsController#index as */*
  [1m[36mSong Load (1.6ms)[0m  [1m[34mSELECT "songs".* FROM "songs"[0m
  ↳ app/controllers/songs_controller.rb:8:in `index'
Completed 200 OK in 34ms (Views: 1.1ms | ActiveRecord: 1.6ms | Allocations: 1066)


Started POST "/songs" for ::1 at 2020-08-06 16:38:17 -0700
Processing by SongsController#create as */*
  Parameters: {"song"=>{"title"=>"test", "time"=>"howdy", "artist"=>"hello"}}
  [1m[35m (6.1ms)[0m  [1m[35mBEGIN[0m
  ↳ app/controllers/songs_controller.rb:20:in `create'
  [1m[36mSong Create (365.8ms)[0m  [1m[32mINSERT INTO "songs" ("title", "time", "artist", "created_at", "updated_at") VALUES ($1, $2, $3, $4, $5) RETURNING "id"[0m  [["title", "test"], ["time", "howdy"], ["artist", "hello"], ["created_at", "2020-08-06 23:38:18.254823"], ["updated_at", "2020-08-06 23:38:18.254823"]]
  ↳ app/controllers/songs_controller.rb:20:in `create'
  [1m[35m (5.4ms)[0m  [1m[35mCOMMIT[0m
  ↳ app/controllers/songs_controller.rb:20:in `create'
Completed 201 Created in 433ms (Views: 14.1ms | ActiveRecord: 377.4ms | Allocations: 2788)


Started GET "/songs" for ::1 at 2020-08-06 16:38:39 -0700
Processing by SongsController#index as HTML
  [1m[36mSong Load (3.3ms)[0m  [1m[34mSELECT "songs".* FROM "songs"[0m
  ↳ app/controllers/songs_controller.rb:8:in `index'
Completed 200 OK in 21ms (Views: 0.2ms | ActiveRecord: 3.3ms | Allocations: 1167)


Started GET "/songs" for ::1 at 2020-08-06 16:39:00 -0700
Processing by SongsController#index as HTML
  [1m[36mSong Load (0.8ms)[0m  [1m[34mSELECT "songs".* FROM "songs"[0m
  ↳ app/controllers/songs_controller.rb:8:in `index'
Completed 200 OK in 10ms (Views: 0.1ms | ActiveRecord: 0.8ms | Allocations: 1166)


Started GET "/songs" for ::1 at 2020-08-06 16:39:02 -0700
Processing by SongsController#index as HTML
  [1m[36mSong Load (34.9ms)[0m  [1m[34mSELECT "songs".* FROM "songs"[0m
  ↳ app/controllers/songs_controller.rb:8:in `index'
Completed 200 OK in 43ms (Views: 0.1ms | ActiveRecord: 34.9ms | Allocations: 1166)


Started GET "/songs" for ::1 at 2020-08-06 16:39:25 -0700
Processing by SongsController#index as HTML
  [1m[36mSong Load (3.4ms)[0m  [1m[34mSELECT "songs".* FROM "songs"[0m
  ↳ app/controllers/songs_controller.rb:8:in `index'
Completed 200 OK in 21ms (Views: 0.1ms | ActiveRecord: 3.4ms | Allocations: 1166)


Started OPTIONS "/songs" for ::1 at 2020-08-06 16:39:52 -0700
  
ActionController::RoutingError (No route matches [OPTIONS] "/songs"):
  
actionpack (6.0.3.2) lib/action_dispatch/middleware/debug_exceptions.rb:36:in `call'
actionpack (6.0.3.2) lib/action_dispatch/middleware/show_exceptions.rb:33:in `call'
railties (6.0.3.2) lib/rails/rack/logger.rb:37:in `call_app'
railties (6.0.3.2) lib/rails/rack/logger.rb:26:in `block in call'
activesupport (6.0.3.2) lib/active_support/tagged_logging.rb:80:in `block in tagged'
activesupport (6.0.3.2) lib/active_support/tagged_logging.rb:28:in `tagged'
activesupport (6.0.3.2) lib/active_support/tagged_logging.rb:80:in `tagged'
railties (6.0.3.2) lib/rails/rack/logger.rb:26:in `call'
actionpack (6.0.3.2) lib/action_dispatch/middleware/remote_ip.rb:81:in `call'
actionpack (6.0.3.2) lib/action_dispatch/middleware/request_id.rb:27:in `call'
rack (2.2.3) lib/rack/runtime.rb:22:in `call'
activesupport (6.0.3.2) lib/active_support/cache/strategy/local_cache_middleware.rb:29:in `call'
actionpack (6.0.3.2) lib/action_dispatch/middleware/executor.rb:14:in `call'
actionpack (6.0.3.2) lib/action_dispatch/middleware/static.rb:126:in `call'
rack (2.2.3) lib/rack/sendfile.rb:110:in `call'
actionpack (6.0.3.2) lib/action_dispatch/middleware/host_authorization.rb:82:in `call'
railties (6.0.3.2) lib/rails/engine.rb:527:in `call'
puma (4.3.5) lib/puma/configuration.rb:228:in `call'
puma (4.3.5) lib/puma/server.rb:713:in `handle_request'
puma (4.3.5) lib/puma/server.rb:472:in `process_client'
puma (4.3.5) lib/puma/server.rb:328:in `block in run'
puma (4.3.5) lib/puma/thread_pool.rb:134:in `block in spawn_thread'
Started GET "/songs" for ::1 at 2020-08-06 16:40:17 -0700
Processing by SongsController#index as HTML
  [1m[36mSong Load (16.6ms)[0m  [1m[34mSELECT "songs".* FROM "songs"[0m
  ↳ app/controllers/songs_controller.rb:8:in `index'
Completed 200 OK in 71ms (Views: 0.5ms | ActiveRecord: 16.6ms | Allocations: 1165)


  [1m[36mSong Load (0.7ms)[0m  [1m[34mSELECT "songs".* FROM "songs" LIMIT $1[0m  [["LIMIT", 11]]
Started GET "/songs" for ::1 at 2020-08-06 16:41:45 -0700
  [1m[35m (13.9ms)[0m  [1m[34mSELECT "schema_migrations"."version" FROM "schema_migrations" ORDER BY "schema_migrations"."version" ASC[0m
Processing by SongsController#index as HTML
  [1m[36mSong Load (1.6ms)[0m  [1m[34mSELECT "songs".* FROM "songs"[0m
  ↳ app/controllers/songs_controller.rb:8:in `index'
Completed 200 OK in 26ms (Views: 0.2ms | ActiveRecord: 10.0ms | Allocations: 5153)


Started GET "/songs" for ::1 at 2020-08-06 16:41:51 -0700
Processing by SongsController#index as HTML
  [1m[36mSong Load (0.7ms)[0m  [1m[34mSELECT "songs".* FROM "songs"[0m
  ↳ app/controllers/songs_controller.rb:8:in `index'
Completed 200 OK in 4ms (Views: 0.1ms | ActiveRecord: 0.7ms | Allocations: 1185)


Started GET "/songs" for ::1 at 2020-08-06 16:44:03 -0700
  [1m[35m (1.2ms)[0m  [1m[34mSELECT "schema_migrations"."version" FROM "schema_migrations" ORDER BY "schema_migrations"."version" ASC[0m
Processing by SongsController#index as HTML
  [1m[36mSong Load (1.0ms)[0m  [1m[34mSELECT "songs".* FROM "songs"[0m
  ↳ app/controllers/songs_controller.rb:8:in `index'
Completed 200 OK in 33ms (Views: 0.3ms | ActiveRecord: 10.3ms | Allocations: 5154)


Started GET "/songs/2" for ::1 at 2020-08-06 16:51:45 -0700
  [1m[35m (17.0ms)[0m  [1m[34mSELECT "schema_migrations"."version" FROM "schema_migrations" ORDER BY "schema_migrations"."version" ASC[0m
Processing by SongsController#show as HTML
  Parameters: {"id"=>"2"}
  [1m[36mSong Load (0.6ms)[0m  [1m[34mSELECT "songs".* FROM "songs" WHERE "songs"."id" = $1 LIMIT $2[0m  [["id", 2], ["LIMIT", 1]]
  ↳ app/controllers/songs_controller.rb:44:in `set_song'
Completed 200 OK in 30ms (Views: 0.2ms | ActiveRecord: 11.6ms | Allocations: 5148)


Started GET "/songs" for ::1 at 2020-08-06 16:52:05 -0700
Processing by SongsController#index as HTML
  [1m[36mSong Load (0.9ms)[0m  [1m[34mSELECT "songs".* FROM "songs"[0m
  ↳ app/controllers/songs_controller.rb:8:in `index'
Completed 200 OK in 19ms (Views: 0.4ms | ActiveRecord: 0.9ms | Allocations: 1188)


Started GET "/songs" for ::1 at 2020-08-06 16:52:15 -0700
Processing by SongsController#index as HTML
  [1m[36mSong Load (12.1ms)[0m  [1m[34mSELECT "songs".* FROM "songs"[0m
  ↳ app/controllers/songs_controller.rb:8:in `index'
Completed 200 OK in 63ms (Views: 0.3ms | ActiveRecord: 12.1ms | Allocations: 1186)


Started GET "/songs" for ::1 at 2020-08-06 16:52:54 -0700
Processing by SongsController#index as HTML
  [1m[36mSong Load (7.8ms)[0m  [1m[34mSELECT "songs".* FROM "songs"[0m
  ↳ app/controllers/songs_controller.rb:8:in `index'
Completed 200 OK in 12ms (Views: 0.1ms | ActiveRecord: 7.8ms | Allocations: 1185)


Started GET "/songs" for ::1 at 2020-08-06 16:54:02 -0700
Processing by SongsController#index as HTML
  [1m[36mSong Load (4.3ms)[0m  [1m[34mSELECT "songs".* FROM "songs"[0m
  ↳ app/controllers/songs_controller.rb:8:in `index'
Completed 200 OK in 19ms (Views: 0.8ms | ActiveRecord: 4.3ms | Allocations: 1166)


Started OPTIONS "/songs" for ::1 at 2020-08-06 16:54:11 -0700
  
ActionController::RoutingError (No route matches [OPTIONS] "/songs"):
  
actionpack (6.0.3.2) lib/action_dispatch/middleware/debug_exceptions.rb:36:in `call'
actionpack (6.0.3.2) lib/action_dispatch/middleware/show_exceptions.rb:33:in `call'
railties (6.0.3.2) lib/rails/rack/logger.rb:37:in `call_app'
railties (6.0.3.2) lib/rails/rack/logger.rb:26:in `block in call'
activesupport (6.0.3.2) lib/active_support/tagged_logging.rb:80:in `block in tagged'
activesupport (6.0.3.2) lib/active_support/tagged_logging.rb:28:in `tagged'
activesupport (6.0.3.2) lib/active_support/tagged_logging.rb:80:in `tagged'
railties (6.0.3.2) lib/rails/rack/logger.rb:26:in `call'
actionpack (6.0.3.2) lib/action_dispatch/middleware/remote_ip.rb:81:in `call'
actionpack (6.0.3.2) lib/action_dispatch/middleware/request_id.rb:27:in `call'
rack (2.2.3) lib/rack/runtime.rb:22:in `call'
activesupport (6.0.3.2) lib/active_support/cache/strategy/local_cache_middleware.rb:29:in `call'
actionpack (6.0.3.2) lib/action_dispatch/middleware/executor.rb:14:in `call'
actionpack (6.0.3.2) lib/action_dispatch/middleware/static.rb:126:in `call'
rack (2.2.3) lib/rack/sendfile.rb:110:in `call'
actionpack (6.0.3.2) lib/action_dispatch/middleware/host_authorization.rb:82:in `call'
railties (6.0.3.2) lib/rails/engine.rb:527:in `call'
puma (4.3.5) lib/puma/configuration.rb:228:in `call'
puma (4.3.5) lib/puma/server.rb:713:in `handle_request'
puma (4.3.5) lib/puma/server.rb:472:in `process_client'
puma (4.3.5) lib/puma/server.rb:328:in `block in run'
puma (4.3.5) lib/puma/thread_pool.rb:134:in `block in spawn_thread'
Started OPTIONS "/songs" for ::1 at 2020-08-06 16:58:41 -0700
  
ActionController::RoutingError (No route matches [OPTIONS] "/songs"):
  
actionpack (6.0.3.2) lib/action_dispatch/middleware/debug_exceptions.rb:36:in `call'
actionpack (6.0.3.2) lib/action_dispatch/middleware/show_exceptions.rb:33:in `call'
railties (6.0.3.2) lib/rails/rack/logger.rb:37:in `call_app'
railties (6.0.3.2) lib/rails/rack/logger.rb:26:in `block in call'
activesupport (6.0.3.2) lib/active_support/tagged_logging.rb:80:in `block in tagged'
activesupport (6.0.3.2) lib/active_support/tagged_logging.rb:28:in `tagged'
activesupport (6.0.3.2) lib/active_support/tagged_logging.rb:80:in `tagged'
railties (6.0.3.2) lib/rails/rack/logger.rb:26:in `call'
actionpack (6.0.3.2) lib/action_dispatch/middleware/remote_ip.rb:81:in `call'
actionpack (6.0.3.2) lib/action_dispatch/middleware/request_id.rb:27:in `call'
rack (2.2.3) lib/rack/runtime.rb:22:in `call'
activesupport (6.0.3.2) lib/active_support/cache/strategy/local_cache_middleware.rb:29:in `call'
actionpack (6.0.3.2) lib/action_dispatch/middleware/executor.rb:14:in `call'
actionpack (6.0.3.2) lib/action_dispatch/middleware/static.rb:126:in `call'
rack (2.2.3) lib/rack/sendfile.rb:110:in `call'
actionpack (6.0.3.2) lib/action_dispatch/middleware/host_authorization.rb:82:in `call'
railties (6.0.3.2) lib/rails/engine.rb:527:in `call'
puma (4.3.5) lib/puma/configuration.rb:228:in `call'
puma (4.3.5) lib/puma/server.rb:713:in `handle_request'
puma (4.3.5) lib/puma/server.rb:472:in `process_client'
puma (4.3.5) lib/puma/server.rb:328:in `block in run'
puma (4.3.5) lib/puma/thread_pool.rb:134:in `block in spawn_thread'
Started GET "/songs/2" for ::1 at 2020-08-06 16:59:31 -0700
Processing by SongsController#show as HTML
  Parameters: {"id"=>"2"}
  [1m[36mSong Load (481.3ms)[0m  [1m[34mSELECT "songs".* FROM "songs" WHERE "songs"."id" = $1 LIMIT $2[0m  [["id", 2], ["LIMIT", 1]]
  ↳ app/controllers/songs_controller.rb:44:in `set_song'
Completed 200 OK in 517ms (Views: 0.8ms | ActiveRecord: 481.3ms | Allocations: 746)


Started GET "/songs" for ::1 at 2020-08-06 16:59:36 -0700
Processing by SongsController#index as HTML
  [1m[36mSong Load (69.1ms)[0m  [1m[34mSELECT "songs".* FROM "songs"[0m
  ↳ app/controllers/songs_controller.rb:8:in `index'
Completed 200 OK in 82ms (Views: 0.1ms | ActiveRecord: 69.1ms | Allocations: 1166)


  [1m[36mSong Load (1.8ms)[0m  [1m[34mSELECT "songs".* FROM "songs" LIMIT $1[0m  [["LIMIT", 11]]
Started GET "/songs" for ::1 at 2020-08-06 17:03:10 -0700
Processing by SongsController#index as HTML
  [1m[36mSong Load (2.6ms)[0m  [1m[34mSELECT "songs".* FROM "songs"[0m
  ↳ app/controllers/songs_controller.rb:8:in `index'
Completed 200 OK in 37ms (Views: 2.1ms | ActiveRecord: 2.6ms | Allocations: 1167)


Started GET "/songs" for ::1 at 2020-08-06 17:03:21 -0700
Processing by SongsController#index as HTML
  [1m[36mSong Load (15.6ms)[0m  [1m[34mSELECT "songs".* FROM "songs"[0m
  ↳ app/controllers/songs_controller.rb:8:in `index'
Completed 200 OK in 30ms (Views: 0.7ms | ActiveRecord: 15.6ms | Allocations: 1166)


Started GET "/songs" for ::1 at 2020-08-06 17:06:22 -0700
  [1m[35m (3.1ms)[0m  [1m[34mSELECT "schema_migrations"."version" FROM "schema_migrations" ORDER BY "schema_migrations"."version" ASC[0m
Processing by SongsController#index as HTML
  [1m[36mSong Load (3.5ms)[0m  [1m[34mSELECT "songs".* FROM "songs"[0m
  ↳ app/controllers/songs_controller.rb:8:in `index'
Completed 200 OK in 24ms (Views: 0.1ms | ActiveRecord: 12.3ms | Allocations: 5156)


Started GET "/songs" for ::1 at 2020-08-06 17:08:01 -0700
Processing by SongsController#index as HTML
  [1m[36mSong Load (0.9ms)[0m  [1m[34mSELECT "songs".* FROM "songs"[0m
  ↳ app/controllers/songs_controller.rb:8:in `index'
Completed 200 OK in 23ms (Views: 1.5ms | ActiveRecord: 0.9ms | Allocations: 1186)


Started GET "/songs" for ::1 at 2020-08-06 17:08:25 -0700
Processing by SongsController#index as HTML
  [1m[36mSong Load (1.6ms)[0m  [1m[34mSELECT "songs".* FROM "songs"[0m
  ↳ app/controllers/songs_controller.rb:8:in `index'
Completed 200 OK in 9ms (Views: 0.1ms | ActiveRecord: 1.6ms | Allocations: 1187)


Started POST "/songs" for ::1 at 2020-08-06 17:09:23 -0700
Processing by SongsController#create as HTML
  Parameters: {"title"=>"chungus", "artist"=>"yo", "time"=>"1:1001", "song"=>{"title"=>"chungus", "time"=>"1:1001", "artist"=>"yo"}}
  [1m[35m (6.2ms)[0m  [1m[35mBEGIN[0m
  ↳ app/controllers/songs_controller.rb:20:in `create'
  [1m[36mSong Create (65.3ms)[0m  [1m[32mINSERT INTO "songs" ("title", "time", "artist", "created_at", "updated_at") VALUES ($1, $2, $3, $4, $5) RETURNING "id"[0m  [["title", "chungus"], ["time", "1:1001"], ["artist", "yo"], ["created_at", "2020-08-07 00:09:23.361597"], ["updated_at", "2020-08-07 00:09:23.361597"]]
  ↳ app/controllers/songs_controller.rb:20:in `create'
  [1m[35m (11.3ms)[0m  [1m[35mCOMMIT[0m
  ↳ app/controllers/songs_controller.rb:20:in `create'
Completed 201 Created in 108ms (Views: 3.8ms | ActiveRecord: 82.8ms | Allocations: 2806)


Started GET "/songs" for ::1 at 2020-08-06 17:10:54 -0700
Processing by SongsController#index as HTML
  [1m[36mSong Load (47.6ms)[0m  [1m[34mSELECT "songs".* FROM "songs"[0m
  ↳ app/controllers/songs_controller.rb:8:in `index'
Completed 200 OK in 75ms (Views: 1.4ms | ActiveRecord: 47.6ms | Allocations: 1307)


Started GET "/songs" for ::1 at 2020-08-06 17:10:59 -0700
Processing by SongsController#index as HTML
  [1m[36mSong Load (6.1ms)[0m  [1m[34mSELECT "songs".* FROM "songs"[0m
  ↳ app/controllers/songs_controller.rb:8:in `index'
Completed 200 OK in 20ms (Views: 0.1ms | ActiveRecord: 6.1ms | Allocations: 1287)


Started GET "/songs" for ::1 at 2020-08-06 17:11:19 -0700
Processing by SongsController#index as HTML
  [1m[36mSong Load (1.4ms)[0m  [1m[34mSELECT "songs".* FROM "songs"[0m
  ↳ app/controllers/songs_controller.rb:8:in `index'
Completed 200 OK in 25ms (Views: 0.2ms | ActiveRecord: 1.4ms | Allocations: 1287)


Started DELETE "/songs/undefined" for ::1 at 2020-08-06 17:12:07 -0700
Processing by SongsController#destroy as HTML
  Parameters: {"id"=>"undefined"}
  [1m[36mSong Load (1.1ms)[0m  [1m[34mSELECT "songs".* FROM "songs" WHERE "songs"."id" = $1 LIMIT $2[0m  [["id", nil], ["LIMIT", 1]]
  ↳ app/controllers/songs_controller.rb:44:in `set_song'
Completed 404 Not Found in 172ms (ActiveRecord: 7.9ms | Allocations: 2127)


  
ActiveRecord::RecordNotFound (Couldn't find Song with 'id'=undefined):
  
app/controllers/songs_controller.rb:44:in `set_song'
Started POST "/songs" for ::1 at 2020-08-06 17:12:43 -0700
Processing by SongsController#create as HTML
  Parameters: {"title"=>"", "artist"=>"", "time"=>"", "song"=>{"title"=>"", "time"=>"", "artist"=>""}}
  [1m[35m (1.4ms)[0m  [1m[35mBEGIN[0m
  ↳ app/controllers/songs_controller.rb:20:in `create'
  [1m[36mSong Create (1.8ms)[0m  [1m[32mINSERT INTO "songs" ("title", "time", "artist", "created_at", "updated_at") VALUES ($1, $2, $3, $4, $5) RETURNING "id"[0m  [["title", ""], ["time", ""], ["artist", ""], ["created_at", "2020-08-07 00:12:43.723807"], ["updated_at", "2020-08-07 00:12:43.723807"]]
  ↳ app/controllers/songs_controller.rb:20:in `create'
  [1m[35m (0.4ms)[0m  [1m[35mCOMMIT[0m
  ↳ app/controllers/songs_controller.rb:20:in `create'
Completed 201 Created in 11ms (Views: 1.1ms | ActiveRecord: 3.6ms | Allocations: 2588)


Started GET "/songs" for ::1 at 2020-08-06 17:14:35 -0700
Processing by SongsController#index as HTML
  [1m[36mSong Load (120.2ms)[0m  [1m[34mSELECT "songs".* FROM "songs"[0m
  ↳ app/controllers/songs_controller.rb:8:in `index'
Completed 200 OK in 154ms (Views: 1.0ms | ActiveRecord: 120.2ms | Allocations: 1420)


Started DELETE "/songs/:undefined" for ::1 at 2020-08-06 17:14:38 -0700
Processing by SongsController#destroy as HTML
  Parameters: {"id"=>":undefined"}
  [1m[36mSong Load (1.7ms)[0m  [1m[34mSELECT "songs".* FROM "songs" WHERE "songs"."id" = $1 LIMIT $2[0m  [["id", nil], ["LIMIT", 1]]
  ↳ app/controllers/songs_controller.rb:44:in `set_song'
Completed 404 Not Found in 118ms (ActiveRecord: 1.7ms | Allocations: 635)


  
ActiveRecord::RecordNotFound (Couldn't find Song with 'id'=:undefined):
  
app/controllers/songs_controller.rb:44:in `set_song'
Started DELETE "/songs/:undefined" for ::1 at 2020-08-06 17:15:25 -0700
Processing by SongsController#destroy as HTML
  Parameters: {"id"=>":undefined"}
  [1m[36mSong Load (7.3ms)[0m  [1m[34mSELECT "songs".* FROM "songs" WHERE "songs"."id" = $1 LIMIT $2[0m  [["id", nil], ["LIMIT", 1]]
  ↳ app/controllers/songs_controller.rb:44:in `set_song'
Completed 404 Not Found in 9ms (ActiveRecord: 7.3ms | Allocations: 627)


  
ActiveRecord::RecordNotFound (Couldn't find Song with 'id'=:undefined):
  
app/controllers/songs_controller.rb:44:in `set_song'
Started POST "/songs" for ::1 at 2020-08-06 17:16:46 -0700
Processing by SongsController#create as HTML
  Parameters: {"title"=>"yo", "artist"=>"howdy", "time"=>"test", "song"=>{"title"=>"yo", "time"=>"test", "artist"=>"howdy"}}
  [1m[35m (0.5ms)[0m  [1m[35mBEGIN[0m
  ↳ app/controllers/songs_controller.rb:20:in `create'
  [1m[36mSong Create (7.1ms)[0m  [1m[32mINSERT INTO "songs" ("title", "time", "artist", "created_at", "updated_at") VALUES ($1, $2, $3, $4, $5) RETURNING "id"[0m  [["title", "yo"], ["time", "test"], ["artist", "howdy"], ["created_at", "2020-08-07 00:16:46.997799"], ["updated_at", "2020-08-07 00:16:46.997799"]]
  ↳ app/controllers/songs_controller.rb:20:in `create'
  [1m[35m (7.9ms)[0m  [1m[35mCOMMIT[0m
  ↳ app/controllers/songs_controller.rb:20:in `create'
Completed 201 Created in 49ms (Views: 3.7ms | ActiveRecord: 15.5ms | Allocations: 2542)


Started DELETE "/songs/:undefined" for ::1 at 2020-08-06 17:17:04 -0700
Processing by SongsController#destroy as HTML
  Parameters: {"id"=>":undefined"}
  [1m[36mSong Load (0.4ms)[0m  [1m[34mSELECT "songs".* FROM "songs" WHERE "songs"."id" = $1 LIMIT $2[0m  [["id", nil], ["LIMIT", 1]]
  ↳ app/controllers/songs_controller.rb:44:in `set_song'
Completed 404 Not Found in 3ms (ActiveRecord: 0.4ms | Allocations: 629)


  
ActiveRecord::RecordNotFound (Couldn't find Song with 'id'=:undefined):
  
app/controllers/songs_controller.rb:44:in `set_song'
Started POST "/songs" for ::1 at 2020-08-06 17:17:14 -0700
Processing by SongsController#create as HTML
  Parameters: {"title"=>"test", "artist"=>"test", "time"=>"test", "song"=>{"title"=>"test", "time"=>"test", "artist"=>"test"}}
  [1m[35m (7.1ms)[0m  [1m[35mBEGIN[0m
  ↳ app/controllers/songs_controller.rb:20:in `create'
  [1m[36mSong Create (6.0ms)[0m  [1m[32mINSERT INTO "songs" ("title", "time", "artist", "created_at", "updated_at") VALUES ($1, $2, $3, $4, $5) RETURNING "id"[0m  [["title", "test"], ["time", "test"], ["artist", "test"], ["created_at", "2020-08-07 00:17:14.386814"], ["updated_at", "2020-08-07 00:17:14.386814"]]
  ↳ app/controllers/songs_controller.rb:20:in `create'
  [1m[35m (8.0ms)[0m  [1m[35mCOMMIT[0m
  ↳ app/controllers/songs_controller.rb:20:in `create'
Completed 201 Created in 26ms (Views: 0.5ms | ActiveRecord: 21.1ms | Allocations: 2542)


Started GET "/song" for ::1 at 2020-08-06 17:18:10 -0700
  
ActionController::RoutingError (No route matches [GET] "/song"):
  
actionpack (6.0.3.2) lib/action_dispatch/middleware/debug_exceptions.rb:36:in `call'
actionpack (6.0.3.2) lib/action_dispatch/middleware/show_exceptions.rb:33:in `call'
railties (6.0.3.2) lib/rails/rack/logger.rb:37:in `call_app'
railties (6.0.3.2) lib/rails/rack/logger.rb:26:in `block in call'
activesupport (6.0.3.2) lib/active_support/tagged_logging.rb:80:in `block in tagged'
activesupport (6.0.3.2) lib/active_support/tagged_logging.rb:28:in `tagged'
activesupport (6.0.3.2) lib/active_support/tagged_logging.rb:80:in `tagged'
railties (6.0.3.2) lib/rails/rack/logger.rb:26:in `call'
actionpack (6.0.3.2) lib/action_dispatch/middleware/remote_ip.rb:81:in `call'
actionpack (6.0.3.2) lib/action_dispatch/middleware/request_id.rb:27:in `call'
rack (2.2.3) lib/rack/runtime.rb:22:in `call'
activesupport (6.0.3.2) lib/active_support/cache/strategy/local_cache_middleware.rb:29:in `call'
actionpack (6.0.3.2) lib/action_dispatch/middleware/executor.rb:14:in `call'
actionpack (6.0.3.2) lib/action_dispatch/middleware/static.rb:126:in `call'
rack (2.2.3) lib/rack/sendfile.rb:110:in `call'
actionpack (6.0.3.2) lib/action_dispatch/middleware/host_authorization.rb:82:in `call'
rack-cors (1.1.1) lib/rack/cors.rb:100:in `call'
railties (6.0.3.2) lib/rails/engine.rb:527:in `call'
puma (4.3.5) lib/puma/configuration.rb:228:in `call'
puma (4.3.5) lib/puma/server.rb:713:in `handle_request'
puma (4.3.5) lib/puma/server.rb:472:in `process_client'
puma (4.3.5) lib/puma/server.rb:328:in `block in run'
puma (4.3.5) lib/puma/thread_pool.rb:134:in `block in spawn_thread'
Started GET "/songs" for ::1 at 2020-08-06 17:18:14 -0700
Processing by SongsController#index as HTML
  [1m[36mSong Load (2.3ms)[0m  [1m[34mSELECT "songs".* FROM "songs"[0m
  ↳ app/controllers/songs_controller.rb:8:in `index'
Completed 200 OK in 7ms (Views: 0.1ms | ActiveRecord: 2.3ms | Allocations: 1647)


Started GET "/songs/1" for ::1 at 2020-08-06 17:18:22 -0700
Processing by SongsController#show as HTML
  Parameters: {"id"=>"1"}
  [1m[36mSong Load (9.2ms)[0m  [1m[34mSELECT "songs".* FROM "songs" WHERE "songs"."id" = $1 LIMIT $2[0m  [["id", 1], ["LIMIT", 1]]
  ↳ app/controllers/songs_controller.rb:44:in `set_song'
Completed 200 OK in 12ms (Views: 0.3ms | ActiveRecord: 9.2ms | Allocations: 746)


Started GET "/songs" for ::1 at 2020-08-06 17:18:45 -0700
Processing by SongsController#index as HTML
  [1m[36mSong Load (1.4ms)[0m  [1m[34mSELECT "songs".* FROM "songs"[0m
  ↳ app/controllers/songs_controller.rb:8:in `index'
Completed 200 OK in 20ms (Views: 1.0ms | ActiveRecord: 1.4ms | Allocations: 1647)


Started DELETE "/songs/undefined" for ::1 at 2020-08-06 17:19:11 -0700
Processing by SongsController#destroy as HTML
  Parameters: {"id"=>"undefined"}
  [1m[36mSong Load (4.6ms)[0m  [1m[34mSELECT "songs".* FROM "songs" WHERE "songs"."id" = $1 LIMIT $2[0m  [["id", nil], ["LIMIT", 1]]
  ↳ app/controllers/songs_controller.rb:44:in `set_song'
Completed 404 Not Found in 9ms (ActiveRecord: 4.6ms | Allocations: 627)


  
ActiveRecord::RecordNotFound (Couldn't find Song with 'id'=undefined):
  
app/controllers/songs_controller.rb:44:in `set_song'
Started GET "/songs" for ::1 at 2020-08-06 17:19:47 -0700
Processing by SongsController#index as HTML
  [1m[36mSong Load (15.6ms)[0m  [1m[34mSELECT "songs".* FROM "songs"[0m
  ↳ app/controllers/songs_controller.rb:8:in `index'
Completed 200 OK in 20ms (Views: 0.1ms | ActiveRecord: 15.6ms | Allocations: 1646)


Started GET "/songs" for ::1 at 2020-08-06 17:24:04 -0700
Processing by SongsController#index as HTML
  [1m[36mSong Load (7.7ms)[0m  [1m[34mSELECT "songs".* FROM "songs"[0m
  ↳ app/controllers/songs_controller.rb:8:in `index'
Completed 200 OK in 159ms (Views: 0.4ms | ActiveRecord: 129.4ms | Allocations: 5235)


Started POST "/songs" for ::1 at 2020-08-06 17:24:53 -0700
Processing by SongsController#create as HTML
  Parameters: {"title"=>"test3", "artist"=>"test3", "time"=>"test3", "song"=>{"title"=>"test3", "time"=>"test3", "artist"=>"test3"}}
  [1m[35m (0.2ms)[0m  [1m[35mBEGIN[0m
  ↳ app/controllers/songs_controller.rb:20:in `create'
  [1m[36mSong Create (12.5ms)[0m  [1m[32mINSERT INTO "songs" ("title", "time", "artist", "created_at", "updated_at") VALUES ($1, $2, $3, $4, $5) RETURNING "id"[0m  [["title", "test3"], ["time", "test3"], ["artist", "test3"], ["created_at", "2020-08-07 00:24:53.591424"], ["updated_at", "2020-08-07 00:24:53.591424"]]
  ↳ app/controllers/songs_controller.rb:20:in `create'
  [1m[35m (7.6ms)[0m  [1m[35mCOMMIT[0m
  ↳ app/controllers/songs_controller.rb:20:in `create'
Completed 201 Created in 46ms (Views: 4.5ms | ActiveRecord: 20.3ms | Allocations: 2609)


Started GET "/songs" for ::1 at 2020-08-06 17:24:59 -0700
Processing by SongsController#index as HTML
  [1m[36mSong Load (15.1ms)[0m  [1m[34mSELECT "songs".* FROM "songs"[0m
  ↳ app/controllers/songs_controller.rb:8:in `index'
Completed 200 OK in 20ms (Views: 0.1ms | ActiveRecord: 15.1ms | Allocations: 1767)


Started DELETE "/songs/undefined" for ::1 at 2020-08-06 17:25:14 -0700
Processing by SongsController#destroy as HTML
  Parameters: {"id"=>"undefined"}
  [1m[36mSong Load (5.6ms)[0m  [1m[34mSELECT "songs".* FROM "songs" WHERE "songs"."id" = $1 LIMIT $2[0m  [["id", nil], ["LIMIT", 1]]
  ↳ app/controllers/songs_controller.rb:44:in `set_song'
Completed 404 Not Found in 28ms (ActiveRecord: 5.6ms | Allocations: 742)


  
ActiveRecord::RecordNotFound (Couldn't find Song with 'id'=undefined):
  
app/controllers/songs_controller.rb:44:in `set_song'
Started DELETE "/songs/undefined" for ::1 at 2020-08-06 17:26:53 -0700
Processing by SongsController#destroy as HTML
  Parameters: {"id"=>"undefined"}
  [1m[36mSong Load (6.7ms)[0m  [1m[34mSELECT "songs".* FROM "songs" WHERE "songs"."id" = $1 LIMIT $2[0m  [["id", nil], ["LIMIT", 1]]
  ↳ app/controllers/songs_controller.rb:44:in `set_song'
Completed 404 Not Found in 14ms (ActiveRecord: 6.7ms | Allocations: 626)


  
ActiveRecord::RecordNotFound (Couldn't find Song with 'id'=undefined):
  
app/controllers/songs_controller.rb:44:in `set_song'
Started GET "/songs" for ::1 at 2020-08-06 17:27:37 -0700
Processing by SongsController#index as HTML
  [1m[36mSong Load (5.2ms)[0m  [1m[34mSELECT "songs".* FROM "songs"[0m
  ↳ app/controllers/songs_controller.rb:8:in `index'
Completed 200 OK in 13ms (Views: 0.3ms | ActiveRecord: 5.2ms | Allocations: 1766)


Started POST "/songs" for ::1 at 2020-08-06 17:27:52 -0700
Processing by SongsController#create as HTML
  Parameters: {"title"=>"tssst", "artist"=>"tst", "time"=>"test", "song"=>{"title"=>"tssst", "time"=>"test", "artist"=>"tst"}}
  [1m[35m (1.8ms)[0m  [1m[35mBEGIN[0m
  ↳ app/controllers/songs_controller.rb:20:in `create'
  [1m[36mSong Create (31.3ms)[0m  [1m[32mINSERT INTO "songs" ("title", "time", "artist", "created_at", "updated_at") VALUES ($1, $2, $3, $4, $5) RETURNING "id"[0m  [["title", "tssst"], ["time", "test"], ["artist", "tst"], ["created_at", "2020-08-07 00:27:52.433775"], ["updated_at", "2020-08-07 00:27:52.433775"]]
  ↳ app/controllers/songs_controller.rb:20:in `create'
  [1m[35m (7.3ms)[0m  [1m[35mCOMMIT[0m
  ↳ app/controllers/songs_controller.rb:20:in `create'
Completed 201 Created in 61ms (Views: 2.8ms | ActiveRecord: 40.3ms | Allocations: 2541)


Started GET "/songs" for ::1 at 2020-08-06 17:27:56 -0700
Processing by SongsController#index as HTML
  [1m[36mSong Load (0.4ms)[0m  [1m[34mSELECT "songs".* FROM "songs"[0m
  ↳ app/controllers/songs_controller.rb:8:in `index'
Completed 200 OK in 3ms (Views: 0.1ms | ActiveRecord: 0.4ms | Allocations: 1887)


Started DELETE "/songs/undefined" for ::1 at 2020-08-06 17:28:09 -0700
Processing by SongsController#destroy as HTML
  Parameters: {"id"=>"undefined"}
  [1m[36mSong Load (9.9ms)[0m  [1m[34mSELECT "songs".* FROM "songs" WHERE "songs"."id" = $1 LIMIT $2[0m  [["id", nil], ["LIMIT", 1]]
  ↳ app/controllers/songs_controller.rb:44:in `set_song'
Completed 404 Not Found in 17ms (ActiveRecord: 9.9ms | Allocations: 627)


  
ActiveRecord::RecordNotFound (Couldn't find Song with 'id'=undefined):
  
app/controllers/songs_controller.rb:44:in `set_song'
Started DELETE "/songs/undefined" for ::1 at 2020-08-06 17:29:00 -0700
Processing by SongsController#destroy as HTML
  Parameters: {"id"=>"undefined"}
  [1m[36mSong Load (0.3ms)[0m  [1m[34mSELECT "songs".* FROM "songs" WHERE "songs"."id" = $1 LIMIT $2[0m  [["id", nil], ["LIMIT", 1]]
  ↳ app/controllers/songs_controller.rb:44:in `set_song'
Completed 404 Not Found in 41ms (ActiveRecord: 33.9ms | Allocations: 1427)


  
ActiveRecord::RecordNotFound (Couldn't find Song with 'id'=undefined):
  
app/controllers/songs_controller.rb:44:in `set_song'
Started GET "/songs" for ::1 at 2020-08-06 17:29:50 -0700
  [1m[35m (7.0ms)[0m  [1m[34mSELECT "schema_migrations"."version" FROM "schema_migrations" ORDER BY "schema_migrations"."version" ASC[0m
Processing by SongsController#index as HTML
  [1m[36mSong Load (0.9ms)[0m  [1m[34mSELECT "songs".* FROM "songs"[0m
  ↳ app/controllers/songs_controller.rb:8:in `index'
Completed 200 OK in 26ms (Views: 0.2ms | ActiveRecord: 9.8ms | Allocations: 5875)


Started DELETE "/songs/undefined" for ::1 at 2020-08-06 17:29:52 -0700
Processing by SongsController#destroy as HTML
  Parameters: {"id"=>"undefined"}
  [1m[36mSong Load (0.5ms)[0m  [1m[34mSELECT "songs".* FROM "songs" WHERE "songs"."id" = $1 LIMIT $2[0m  [["id", nil], ["LIMIT", 1]]
  ↳ app/controllers/songs_controller.rb:44:in `set_song'
Completed 404 Not Found in 56ms (ActiveRecord: 1.0ms | Allocations: 1066)


  
ActiveRecord::RecordNotFound (Couldn't find Song with 'id'=undefined):
  
app/controllers/songs_controller.rb:44:in `set_song'
Started GET "/songs" for ::1 at 2020-08-06 17:39:01 -0700
Processing by SongsController#index as HTML
  [1m[36mSong Load (34.8ms)[0m  [1m[34mSELECT "songs".* FROM "songs"[0m
  ↳ app/controllers/songs_controller.rb:8:in `index'
Completed 200 OK in 110ms (Views: 0.3ms | ActiveRecord: 34.8ms | Allocations: 2006)


Started GET "/songs" for ::1 at 2020-08-06 17:39:35 -0700
Processing by SongsController#index as HTML
  [1m[36mSong Load (25.1ms)[0m  [1m[34mSELECT "songs".* FROM "songs"[0m
  ↳ app/controllers/songs_controller.rb:8:in `index'
Completed 200 OK in 52ms (Views: 0.6ms | ActiveRecord: 25.1ms | Allocations: 1906)


Started DELETE "/songs/undefined" for ::1 at 2020-08-06 17:41:38 -0700
Processing by SongsController#destroy as HTML
  Parameters: {"id"=>"undefined"}
  [1m[36mSong Load (36.2ms)[0m  [1m[34mSELECT "songs".* FROM "songs" WHERE "songs"."id" = $1 LIMIT $2[0m  [["id", nil], ["LIMIT", 1]]
  ↳ app/controllers/songs_controller.rb:44:in `set_song'
Completed 404 Not Found in 148ms (ActiveRecord: 49.9ms | Allocations: 681)


  
ActiveRecord::RecordNotFound (Couldn't find Song with 'id'=undefined):
  
app/controllers/songs_controller.rb:44:in `set_song'
Started DELETE "/songs/7" for ::1 at 2020-08-06 17:42:03 -0700
Processing by SongsController#destroy as */*
  Parameters: {"song"=>{"title"=>"test", "time"=>"howdy", "artist"=>"hello"}, "id"=>"7"}
  [1m[36mSong Load (62.2ms)[0m  [1m[34mSELECT "songs".* FROM "songs" WHERE "songs"."id" = $1 LIMIT $2[0m  [["id", 7], ["LIMIT", 1]]
  ↳ app/controllers/songs_controller.rb:44:in `set_song'
Completed 500 Internal Server Error in 89ms (ActiveRecord: 62.2ms | Allocations: 1967)


  
NoMethodError (undefined method `destroy' for #<String:0x00007fa4928a3ea8>):
  
app/controllers/songs_controller.rb:38:in `destroy'
Started DELETE "/songs/5" for ::1 at 2020-08-06 17:42:35 -0700
Processing by SongsController#destroy as */*
  Parameters: {"id"=>"5"}
  [1m[36mSong Load (0.3ms)[0m  [1m[34mSELECT "songs".* FROM "songs" WHERE "songs"."id" = $1 LIMIT $2[0m  [["id", 5], ["LIMIT", 1]]
  ↳ app/controllers/songs_controller.rb:44:in `set_song'
  [1m[35m (19.3ms)[0m  [1m[35mBEGIN[0m
  ↳ app/controllers/songs_controller.rb:38:in `destroy'
  [1m[36mSong Destroy (14.1ms)[0m  [1m[31mDELETE FROM "songs" WHERE "songs"."id" = $1[0m  [["id", 5]]
  ↳ app/controllers/songs_controller.rb:38:in `destroy'
  [1m[35m (1.4ms)[0m  [1m[35mCOMMIT[0m
  ↳ app/controllers/songs_controller.rb:38:in `destroy'
Completed 200 OK in 240ms (Views: 1.0ms | ActiveRecord: 188.6ms | Allocations: 6357)


Started GET "/songs" for ::1 at 2020-08-06 17:42:41 -0700
Processing by SongsController#index as HTML
  [1m[36mSong Load (105.8ms)[0m  [1m[34mSELECT "songs".* FROM "songs"[0m
  ↳ app/controllers/songs_controller.rb:8:in `index'
Completed 200 OK in 111ms (Views: 0.1ms | ActiveRecord: 105.8ms | Allocations: 1770)


Started DELETE "/songs/8" for ::1 at 2020-08-06 17:42:58 -0700
Processing by SongsController#destroy as */*
  Parameters: {"id"=>"8"}
  [1m[36mSong Load (0.6ms)[0m  [1m[34mSELECT "songs".* FROM "songs" WHERE "songs"."id" = $1 LIMIT $2[0m  [["id", 8], ["LIMIT", 1]]
  ↳ app/controllers/songs_controller.rb:44:in `set_song'
  [1m[35m (0.5ms)[0m  [1m[35mBEGIN[0m
  ↳ app/controllers/songs_controller.rb:38:in `destroy'
  [1m[36mSong Destroy (0.4ms)[0m  [1m[31mDELETE FROM "songs" WHERE "songs"."id" = $1[0m  [["id", 8]]
  ↳ app/controllers/songs_controller.rb:38:in `destroy'
  [1m[35m (10.5ms)[0m  [1m[35mCOMMIT[0m
  ↳ app/controllers/songs_controller.rb:38:in `destroy'
Completed 200 OK in 35ms (Views: 0.8ms | ActiveRecord: 12.0ms | Allocations: 2565)


Started GET "/songs" for ::1 at 2020-08-06 17:43:01 -0700
Processing by SongsController#index as HTML
  [1m[36mSong Load (0.4ms)[0m  [1m[34mSELECT "songs".* FROM "songs"[0m
  ↳ app/controllers/songs_controller.rb:8:in `index'
Completed 200 OK in 4ms (Views: 0.1ms | ActiveRecord: 0.4ms | Allocations: 1647)


Started DELETE "/songs/6" for ::1 at 2020-08-06 17:43:09 -0700
Processing by SongsController#destroy as */*
  Parameters: {"id"=>"6"}
  [1m[36mSong Load (5.2ms)[0m  [1m[34mSELECT "songs".* FROM "songs" WHERE "songs"."id" = $1 LIMIT $2[0m  [["id", 6], ["LIMIT", 1]]
  ↳ app/controllers/songs_controller.rb:44:in `set_song'
  [1m[35m (30.9ms)[0m  [1m[35mBEGIN[0m
  ↳ app/controllers/songs_controller.rb:38:in `destroy'
  [1m[36mSong Destroy (39.1ms)[0m  [1m[31mDELETE FROM "songs" WHERE "songs"."id" = $1[0m  [["id", 6]]
  ↳ app/controllers/songs_controller.rb:38:in `destroy'
  [1m[35m (17.9ms)[0m  [1m[35mCOMMIT[0m
  ↳ app/controllers/songs_controller.rb:38:in `destroy'
Completed 200 OK in 100ms (Views: 0.6ms | ActiveRecord: 93.1ms | Allocations: 2562)


Started GET "/songs" for ::1 at 2020-08-06 17:43:13 -0700
Processing by SongsController#index as HTML
  [1m[36mSong Load (0.6ms)[0m  [1m[34mSELECT "songs".* FROM "songs"[0m
  ↳ app/controllers/songs_controller.rb:8:in `index'
Completed 200 OK in 3ms (Views: 0.1ms | ActiveRecord: 0.6ms | Allocations: 1528)


Started DELETE "/songs/7" for ::1 at 2020-08-06 17:43:22 -0700
Processing by SongsController#destroy as */*
  Parameters: {"id"=>"7"}
  [1m[36mSong Load (11.1ms)[0m  [1m[34mSELECT "songs".* FROM "songs" WHERE "songs"."id" = $1 LIMIT $2[0m  [["id", 7], ["LIMIT", 1]]
  ↳ app/controllers/songs_controller.rb:44:in `set_song'
  [1m[35m (0.5ms)[0m  [1m[35mBEGIN[0m
  ↳ app/controllers/songs_controller.rb:38:in `destroy'
  [1m[36mSong Destroy (1.0ms)[0m  [1m[31mDELETE FROM "songs" WHERE "songs"."id" = $1[0m  [["id", 7]]
  ↳ app/controllers/songs_controller.rb:38:in `destroy'
  [1m[35m (9.3ms)[0m  [1m[35mCOMMIT[0m
  ↳ app/controllers/songs_controller.rb:38:in `destroy'
Completed 200 OK in 28ms (Views: 0.4ms | ActiveRecord: 21.9ms | Allocations: 2561)


Started DELETE "/songs/9" for ::1 at 2020-08-06 17:43:30 -0700
Processing by SongsController#destroy as */*
  Parameters: {"id"=>"9"}
  [1m[36mSong Load (1.1ms)[0m  [1m[34mSELECT "songs".* FROM "songs" WHERE "songs"."id" = $1 LIMIT $2[0m  [["id", 9], ["LIMIT", 1]]
  ↳ app/controllers/songs_controller.rb:44:in `set_song'
  [1m[35m (0.2ms)[0m  [1m[35mBEGIN[0m
  ↳ app/controllers/songs_controller.rb:38:in `destroy'
  [1m[36mSong Destroy (0.4ms)[0m  [1m[31mDELETE FROM "songs" WHERE "songs"."id" = $1[0m  [["id", 9]]
  ↳ app/controllers/songs_controller.rb:38:in `destroy'
  [1m[35m (15.1ms)[0m  [1m[35mCOMMIT[0m
  ↳ app/controllers/songs_controller.rb:38:in `destroy'
Completed 200 OK in 22ms (Views: 0.4ms | ActiveRecord: 16.9ms | Allocations: 2562)


Started DELETE "/songs/10" for ::1 at 2020-08-06 17:43:35 -0700
Processing by SongsController#destroy as */*
  Parameters: {"id"=>"10"}
  [1m[36mSong Load (2.9ms)[0m  [1m[34mSELECT "songs".* FROM "songs" WHERE "songs"."id" = $1 LIMIT $2[0m  [["id", 10], ["LIMIT", 1]]
  ↳ app/controllers/songs_controller.rb:44:in `set_song'
  [1m[35m (1.0ms)[0m  [1m[35mBEGIN[0m
  ↳ app/controllers/songs_controller.rb:38:in `destroy'
  [1m[36mSong Destroy (37.4ms)[0m  [1m[31mDELETE FROM "songs" WHERE "songs"."id" = $1[0m  [["id", 10]]
  ↳ app/controllers/songs_controller.rb:38:in `destroy'
  [1m[35m (6.9ms)[0m  [1m[35mCOMMIT[0m
  ↳ app/controllers/songs_controller.rb:38:in `destroy'
Completed 200 OK in 64ms (Views: 1.2ms | ActiveRecord: 48.2ms | Allocations: 2562)


Started GET "/songs" for ::1 at 2020-08-06 17:43:39 -0700
Processing by SongsController#index as HTML
  [1m[36mSong Load (9.2ms)[0m  [1m[34mSELECT "songs".* FROM "songs"[0m
  ↳ app/controllers/songs_controller.rb:8:in `index'
Completed 200 OK in 21ms (Views: 0.1ms | ActiveRecord: 9.2ms | Allocations: 1167)


Started GET "/songs" for ::1 at 2020-08-06 17:43:43 -0700
Processing by SongsController#index as HTML
  [1m[36mSong Load (8.0ms)[0m  [1m[34mSELECT "songs".* FROM "songs"[0m
  ↳ app/controllers/songs_controller.rb:8:in `index'
Completed 200 OK in 12ms (Views: 0.2ms | ActiveRecord: 8.0ms | Allocations: 1167)


Started DELETE "/songs/undefined" for ::1 at 2020-08-06 17:43:47 -0700
Processing by SongsController#destroy as HTML
  Parameters: {"id"=>"undefined"}
  [1m[36mSong Load (0.4ms)[0m  [1m[34mSELECT "songs".* FROM "songs" WHERE "songs"."id" = $1 LIMIT $2[0m  [["id", nil], ["LIMIT", 1]]
  ↳ app/controllers/songs_controller.rb:44:in `set_song'
Completed 404 Not Found in 3ms (ActiveRecord: 0.4ms | Allocations: 627)


  
ActiveRecord::RecordNotFound (Couldn't find Song with 'id'=undefined):
  
app/controllers/songs_controller.rb:44:in `set_song'
Started DELETE "/songs/undefined" for ::1 at 2020-08-06 17:44:16 -0700
Processing by SongsController#destroy as HTML
  Parameters: {"id"=>"undefined"}
  [1m[36mSong Load (1.6ms)[0m  [1m[34mSELECT "songs".* FROM "songs" WHERE "songs"."id" = $1 LIMIT $2[0m  [["id", nil], ["LIMIT", 1]]
  ↳ app/controllers/songs_controller.rb:44:in `set_song'
Completed 404 Not Found in 3ms (ActiveRecord: 1.6ms | Allocations: 627)


  
ActiveRecord::RecordNotFound (Couldn't find Song with 'id'=undefined):
  
app/controllers/songs_controller.rb:44:in `set_song'
Started GET "/songs" for ::1 at 2020-08-06 17:44:17 -0700
Processing by SongsController#index as HTML
  [1m[36mSong Load (2.3ms)[0m  [1m[34mSELECT "songs".* FROM "songs"[0m
  ↳ app/controllers/songs_controller.rb:8:in `index'
Completed 200 OK in 6ms (Views: 0.3ms | ActiveRecord: 2.3ms | Allocations: 1166)


Started DELETE "/songs/undefined" for ::1 at 2020-08-06 17:44:29 -0700
Processing by SongsController#destroy as HTML
  Parameters: {"id"=>"undefined"}
  [1m[36mSong Load (0.7ms)[0m  [1m[34mSELECT "songs".* FROM "songs" WHERE "songs"."id" = $1 LIMIT $2[0m  [["id", nil], ["LIMIT", 1]]
  ↳ app/controllers/songs_controller.rb:44:in `set_song'
Completed 404 Not Found in 2ms (ActiveRecord: 0.7ms | Allocations: 627)


  
ActiveRecord::RecordNotFound (Couldn't find Song with 'id'=undefined):
  
app/controllers/songs_controller.rb:44:in `set_song'
Started GET "/songs" for ::1 at 2020-08-06 17:45:02 -0700
Processing by SongsController#index as HTML
  [1m[36mSong Load (74.8ms)[0m  [1m[34mSELECT "songs".* FROM "songs"[0m
  ↳ app/controllers/songs_controller.rb:8:in `index'
Completed 200 OK in 125ms (Views: 0.1ms | ActiveRecord: 106.2ms | Allocations: 4682)


Started DELETE "/songs/undefined" for ::1 at 2020-08-06 17:45:04 -0700
Processing by SongsController#destroy as HTML
  Parameters: {"id"=>"undefined"}
  [1m[36mSong Load (0.3ms)[0m  [1m[34mSELECT "songs".* FROM "songs" WHERE "songs"."id" = $1 LIMIT $2[0m  [["id", nil], ["LIMIT", 1]]
  ↳ app/controllers/songs_controller.rb:44:in `set_song'
Completed 404 Not Found in 3ms (ActiveRecord: 0.3ms | Allocations: 737)


  
ActiveRecord::RecordNotFound (Couldn't find Song with 'id'=undefined):
  
app/controllers/songs_controller.rb:44:in `set_song'
Started GET "/songs" for ::1 at 2020-08-06 17:45:31 -0700
Processing by SongsController#index as HTML
  [1m[36mSong Load (0.4ms)[0m  [1m[34mSELECT "songs".* FROM "songs"[0m
  ↳ app/controllers/songs_controller.rb:8:in `index'
Completed 200 OK in 4ms (Views: 0.2ms | ActiveRecord: 0.4ms | Allocations: 1166)


Started DELETE "/songs/undefined" for ::1 at 2020-08-06 17:45:37 -0700
Processing by SongsController#destroy as HTML
  Parameters: {"id"=>"undefined"}
  [1m[36mSong Load (0.4ms)[0m  [1m[34mSELECT "songs".* FROM "songs" WHERE "songs"."id" = $1 LIMIT $2[0m  [["id", nil], ["LIMIT", 1]]
  ↳ app/controllers/songs_controller.rb:44:in `set_song'
Completed 404 Not Found in 2ms (ActiveRecord: 0.4ms | Allocations: 628)


  
ActiveRecord::RecordNotFound (Couldn't find Song with 'id'=undefined):
  
app/controllers/songs_controller.rb:44:in `set_song'
Started GET "/songs" for ::1 at 2020-08-06 18:07:18 -0700
Processing by SongsController#index as HTML
  [1m[36mSong Load (125.9ms)[0m  [1m[34mSELECT "songs".* FROM "songs"[0m
  ↳ app/controllers/songs_controller.rb:8:in `index'
Completed 200 OK in 184ms (Views: 1.5ms | ActiveRecord: 125.9ms | Allocations: 1241)


Started GET "/songs" for ::1 at 2020-08-06 18:07:30 -0700
Processing by SongsController#index as HTML
  [1m[36mSong Load (4.8ms)[0m  [1m[34mSELECT "songs".* FROM "songs"[0m
  ↳ app/controllers/songs_controller.rb:8:in `index'
Completed 200 OK in 19ms (Views: 0.1ms | ActiveRecord: 4.8ms | Allocations: 1167)


Started GET "/songs" for ::1 at 2020-08-06 18:07:42 -0700
Processing by SongsController#index as HTML
  [1m[36mSong Load (2.0ms)[0m  [1m[34mSELECT "songs".* FROM "songs"[0m
  ↳ app/controllers/songs_controller.rb:8:in `index'
Completed 200 OK in 19ms (Views: 0.1ms | ActiveRecord: 2.0ms | Allocations: 1167)


Started GET "/songs" for ::1 at 2020-08-06 18:08:16 -0700
Processing by SongsController#index as HTML
  [1m[36mSong Load (0.5ms)[0m  [1m[34mSELECT "songs".* FROM "songs"[0m
  ↳ app/controllers/songs_controller.rb:8:in `index'
Completed 200 OK in 15ms (Views: 0.1ms | ActiveRecord: 0.5ms | Allocations: 1167)


Started GET "/songs" for ::1 at 2020-08-06 18:18:59 -0700
Processing by SongsController#index as HTML
  [1m[36mSong Load (34.7ms)[0m  [1m[34mSELECT "songs".* FROM "songs"[0m
  ↳ app/controllers/songs_controller.rb:8:in `index'
Completed 200 OK in 119ms (Views: 1.9ms | ActiveRecord: 34.7ms | Allocations: 1241)


Started GET "/songs" for ::1 at 2020-08-06 18:19:20 -0700
Processing by SongsController#index as HTML
  [1m[36mSong Load (3.1ms)[0m  [1m[34mSELECT "songs".* FROM "songs"[0m
  ↳ app/controllers/songs_controller.rb:8:in `index'
Completed 200 OK in 61ms (Views: 0.8ms | ActiveRecord: 3.1ms | Allocations: 1167)


Started GET "/songs" for ::1 at 2020-08-06 18:19:33 -0700
Processing by SongsController#index as HTML
  [1m[36mSong Load (15.1ms)[0m  [1m[34mSELECT "songs".* FROM "songs"[0m
  ↳ app/controllers/songs_controller.rb:8:in `index'
Completed 200 OK in 61ms (Views: 0.6ms | ActiveRecord: 15.1ms | Allocations: 1167)


Started GET "/songs" for ::1 at 2020-08-06 18:19:41 -0700
Processing by SongsController#index as HTML
  [1m[36mSong Load (38.0ms)[0m  [1m[34mSELECT "songs".* FROM "songs"[0m
  ↳ app/controllers/songs_controller.rb:8:in `index'
Completed 200 OK in 51ms (Views: 0.1ms | ActiveRecord: 38.0ms | Allocations: 1167)


Started GET "/songs" for ::1 at 2020-08-06 18:23:28 -0700
Processing by SongsController#index as HTML
  [1m[36mSong Load (285.4ms)[0m  [1m[34mSELECT "songs".* FROM "songs"[0m
  ↳ app/controllers/songs_controller.rb:8:in `index'
Completed 200 OK in 330ms (Views: 0.8ms | ActiveRecord: 285.4ms | Allocations: 1167)


Started GET "/songs" for ::1 at 2020-08-06 18:28:03 -0700
Processing by SongsController#index as HTML
  [1m[36mSong Load (51.6ms)[0m  [1m[34mSELECT "songs".* FROM "songs"[0m
  ↳ app/controllers/songs_controller.rb:8:in `index'
Completed 200 OK in 150ms (Views: 1.7ms | ActiveRecord: 51.6ms | Allocations: 1167)


Started GET "/songs" for ::1 at 2020-08-06 18:28:13 -0700
Processing by SongsController#index as HTML
  [1m[36mSong Load (0.5ms)[0m  [1m[34mSELECT "songs".* FROM "songs"[0m
  ↳ app/controllers/songs_controller.rb:8:in `index'
Completed 200 OK in 19ms (Views: 0.1ms | ActiveRecord: 0.5ms | Allocations: 1167)


Started DELETE "/songs/undefined" for ::1 at 2020-08-06 18:36:07 -0700
Processing by SongsController#destroy as HTML
  Parameters: {"id"=>"undefined"}
  [1m[36mSong Load (9.8ms)[0m  [1m[34mSELECT "songs".* FROM "songs" WHERE "songs"."id" = $1 LIMIT $2[0m  [["id", nil], ["LIMIT", 1]]
  ↳ app/controllers/songs_controller.rb:44:in `set_song'
Completed 404 Not Found in 122ms (ActiveRecord: 12.2ms | Allocations: 726)


  
ActiveRecord::RecordNotFound (Couldn't find Song with 'id'=undefined):
  
app/controllers/songs_controller.rb:44:in `set_song'
Started POST "/songs" for ::1 at 2020-08-06 18:36:45 -0700
Processing by SongsController#create as HTML
  Parameters: {"title"=>"TEst", "artist"=>"test2", "time"=>"test3", "song"=>{"title"=>"TEst", "time"=>"test3", "artist"=>"test2"}}
  [1m[35m (7.9ms)[0m  [1m[35mBEGIN[0m
  ↳ app/controllers/songs_controller.rb:20:in `create'
  [1m[36mSong Create (156.1ms)[0m  [1m[32mINSERT INTO "songs" ("title", "time", "artist", "created_at", "updated_at") VALUES ($1, $2, $3, $4, $5) RETURNING "id"[0m  [["title", "TEst"], ["time", "test3"], ["artist", "test2"], ["created_at", "2020-08-07 01:36:45.486963"], ["updated_at", "2020-08-07 01:36:45.486963"]]
  ↳ app/controllers/songs_controller.rb:20:in `create'
  [1m[35m (1.5ms)[0m  [1m[35mCOMMIT[0m
  ↳ app/controllers/songs_controller.rb:20:in `create'
Completed 201 Created in 238ms (Views: 14.3ms | ActiveRecord: 165.6ms | Allocations: 2758)


Started GET "/songs" for ::1 at 2020-08-06 18:36:54 -0700
Processing by SongsController#index as HTML
  [1m[36mSong Load (18.9ms)[0m  [1m[34mSELECT "songs".* FROM "songs"[0m
  ↳ app/controllers/songs_controller.rb:8:in `index'
Completed 200 OK in 27ms (Views: 0.2ms | ActiveRecord: 18.9ms | Allocations: 1288)


Started GET "/songs" for ::1 at 2020-08-06 18:37:53 -0700
Processing by SongsController#index as HTML
  [1m[36mSong Load (24.9ms)[0m  [1m[34mSELECT "songs".* FROM "songs"[0m
  ↳ app/controllers/songs_controller.rb:8:in `index'
Completed 200 OK in 48ms (Views: 0.9ms | ActiveRecord: 24.9ms | Allocations: 1287)


Started POST "/songs" for ::1 at 2020-08-06 18:38:13 -0700
Processing by SongsController#create as */*
  Parameters: {"song"=>{"title"=>"test", "time"=>"howdy", "artist"=>"hello"}}
  [1m[35m (0.2ms)[0m  [1m[35mBEGIN[0m
  ↳ app/controllers/songs_controller.rb:20:in `create'
  [1m[36mSong Create (8.4ms)[0m  [1m[32mINSERT INTO "songs" ("title", "time", "artist", "created_at", "updated_at") VALUES ($1, $2, $3, $4, $5) RETURNING "id"[0m  [["title", "test"], ["time", "howdy"], ["artist", "hello"], ["created_at", "2020-08-07 01:38:13.926055"], ["updated_at", "2020-08-07 01:38:13.926055"]]
  ↳ app/controllers/songs_controller.rb:20:in `create'
  [1m[35m (20.8ms)[0m  [1m[35mCOMMIT[0m
  ↳ app/controllers/songs_controller.rb:20:in `create'
Completed 201 Created in 45ms (Views: 1.0ms | ActiveRecord: 29.4ms | Allocations: 2539)


Started GET "/songs" for ::1 at 2020-08-06 18:38:27 -0700
Processing by SongsController#index as HTML
  [1m[36mSong Load (27.5ms)[0m  [1m[34mSELECT "songs".* FROM "songs"[0m
  ↳ app/controllers/songs_controller.rb:8:in `index'
Completed 200 OK in 34ms (Views: 1.6ms | ActiveRecord: 27.5ms | Allocations: 1407)


Started GET "/songs" for ::1 at 2020-08-06 18:38:40 -0700
Processing by SongsController#index as HTML
  [1m[36mSong Load (0.4ms)[0m  [1m[34mSELECT "songs".* FROM "songs"[0m
  ↳ app/controllers/songs_controller.rb:8:in `index'
Completed 200 OK in 6ms (Views: 0.2ms | ActiveRecord: 0.4ms | Allocations: 1407)


